extDB2: Version: 70
extDB2: https://github.com/Torndeco/extDB2
extDB2: Windows Version
Message: All development for extDB2 is done on a Linux Dedicated Server
Message: If you would like to Donate to extDB2 Development
Message: https://www.paypal.com/cgi-bin/webscr?cmd=_s-xclick&hosted_button_id=2SUEFTGABTAM2
Message: Also leave a message if there is any particular feature you would like to see added.
Message: Thanks for all the people that have donated.
Message: Torndeco: 20/02/15


extDB2: Found extdb-conf.ini
extDB2: Detected 8 Cores, Setting up 6 Worker Threads


[01:32:12:275800 +02:00] [Thread 39584] extDB2: Database Type: MySQL
[01:32:12:284860 +02:00] [Thread 39584] extDB2: Database Session Pool Started
[01:32:12:290722 +02:00] [Thread 39584] extDB2: SQL_CUSTOM_V2: Loading Template Filename: S:\a3exile\@ExileServer\extDB\sql_custom_v2\exile.ini
[01:32:12:291617 +02:00] [Thread 39584] extDB2: SQL_CUSTOM_V2: Version 12 Detected, Latest Version 12 Available
[01:32:30:871779 +02:00] [Thread 39584] extDB2: SQL_CUSTOM_V2: Error StatementException: MySQL: [MySQL]: [Comment]: mysql_stmt_execute error	[mysql_stmt_error]: Field 'assigned_items' doesn't have a default value	[mysql_stmt_errno]: 1364	[mysql_stmt_sqlstate]: HY000	[statemnt]: INSERT INTO player SET account_uid = ?, name = ?
[01:32:30:871969 +02:00] [Thread 39584] extDB2: SQL_CUSTOM_V2: Wiping Statements + Session
[01:32:30:872031 +02:00] [Thread 39584] extDB2: SQL_CUSTOM_V2: Error: UniqueID: 1 Input String: createPlayer:76561198028076202:Hannibal Lecter
[01:37:51:432550 +02:00] [Thread 39584] extDB2: SQL_CUSTOM_V2: Error StatementException: MySQL: [MySQL]: [Comment]: mysql_stmt_execute error	[mysql_stmt_error]: Field 'assigned_items' doesn't have a default value	[mysql_stmt_errno]: 1364	[mysql_stmt_sqlstate]: HY000	[statemnt]: INSERT INTO player SET account_uid = ?, name = ?
[01:37:51:432721 +02:00] [Thread 39584] extDB2: SQL_CUSTOM_V2: Wiping Statements + Session
[01:37:51:432759 +02:00] [Thread 39584] extDB2: SQL_CUSTOM_V2: Error: UniqueID: 1 Input String: createPlayer:76561198028076202:Hannibal Lecter
