[03:15:29:417564 +02:00] [Thread 56464] PLAYER: ( 76561198093044016 ) R Mark Piers's Party:3 (Mark Piers) REMOTE SOLD ITEM: Exile_Car_Tractor_Red (ID# <null>) with Cargo [] FOR 1000 POPTABS AND 100 RESPECT | PLAYER TOTAL MONEY: 1244
[03:15:45:746730 +02:00] [Thread 56464] PLAYER: ( 76561198093044016 ) R Mark Piers's Party:3 (Mark Piers) REMOTE SOLD ITEM: Exile_Car_Lada_Green (ID# <null>) with Cargo [] FOR 3000 POPTABS AND 300 RESPECT | PLAYER TOTAL MONEY: 4244
[03:16:35:620509 +02:00] [Thread 56464] PLAYER: ( 76561198074903881 ) R Mark Piers's Party:2 (Franky D. White) REMOTE SOLD ITEM Exile_Magazine_8Rnd_74Slug FOR 10 POPTABS AND 1 RESPECT | PLAYER TOTAL MONEY: 10
[03:16:37:291096 +02:00] [Thread 59220] PLAYER: ( 76561198074903881 ) R Mark Piers's Party:2 (Franky D. White) REMOTE SOLD ITEM Exile_Magazine_8Rnd_74Slug FOR 10 POPTABS AND 1 RESPECT | PLAYER TOTAL MONEY: 20
[03:16:38:781992 +02:00] [Thread 59220] PLAYER: ( 76561198074903881 ) R Mark Piers's Party:2 (Franky D. White) REMOTE SOLD ITEM Exile_Magazine_8Rnd_74Slug FOR 10 POPTABS AND 1 RESPECT | PLAYER TOTAL MONEY: 30
[03:16:43:816627 +02:00] [Thread 59220] PLAYER: ( 76561198074903881 ) R Mark Piers's Party:2 (Franky D. White) REMOTE SOLD ITEM Exile_Weapon_M1014 FOR 100 POPTABS AND 10 RESPECT | PLAYER TOTAL MONEY: 130
[03:16:51:495909 +02:00] [Thread 59220] PLAYER: ( 76561198074903881 ) R Mark Piers's Party:2 (Franky D. White) REMOTE SOLD ITEM 9Rnd_45ACP_Mag FOR 3 POPTABS AND 0.3 RESPECT | PLAYER TOTAL MONEY: 133
[03:16:53:276602 +02:00] [Thread 59220] PLAYER: ( 76561198074903881 ) R Mark Piers's Party:2 (Franky D. White) REMOTE SOLD ITEM 9Rnd_45ACP_Mag FOR 3 POPTABS AND 0.3 RESPECT | PLAYER TOTAL MONEY: 136
[03:16:55:365959 +02:00] [Thread 59220] PLAYER: ( 76561198074903881 ) R Mark Piers's Party:2 (Franky D. White) REMOTE SOLD ITEM 9Rnd_45ACP_Mag FOR 3 POPTABS AND 0.3 RESPECT | PLAYER TOTAL MONEY: 139
[03:16:56:483447 +02:00] [Thread 59220] PLAYER: ( 76561198074903881 ) R Mark Piers's Party:2 (Franky D. White) REMOTE SOLD ITEM 9Rnd_45ACP_Mag FOR 3 POPTABS AND 0.3 RESPECT | PLAYER TOTAL MONEY: 142
[03:16:58:900027 +02:00] [Thread 59220] PLAYER: ( 76561198074903881 ) R Mark Piers's Party:2 (Franky D. White) REMOTE SOLD ITEM hgun_ACPC2_F FOR 25 POPTABS AND 2.5 RESPECT | PLAYER TOTAL MONEY: 167
[03:17:06:949898 +02:00] [Thread 59220] PLAYER: ( 76561198093044016 ) R Mark Piers's Party:3 (Mark Piers) REMOTE SOLD ITEM Exile_Melee_Axe FOR 50 POPTABS AND 5 RESPECT | PLAYER TOTAL MONEY: 4294
[03:17:20:134040 +02:00] [Thread 59220] PLAYER: ( 76561198093044016 ) R Mark Piers's Party:3 (Mark Piers) REMOTE SOLD ITEM Exile_Item_GloriousKnakworst FOR 20 POPTABS AND 2 RESPECT | PLAYER TOTAL MONEY: 4314
[03:17:21:007066 +02:00] [Thread 59220] PLAYER: ( 76561198093044016 ) R Mark Piers's Party:3 (Mark Piers) REMOTE SOLD ITEM Exile_Item_Bandage FOR 50 POPTABS AND 5 RESPECT | PLAYER TOTAL MONEY: 4364
[03:17:26:063611 +02:00] [Thread 59220] PLAYER: ( 76561198093044016 ) R Mark Piers's Party:3 (Mark Piers) REMOTE SOLD ITEM Exile_Item_Surstromming FOR 17 POPTABS AND 1.7 RESPECT | PLAYER TOTAL MONEY: 4381
[03:17:27:090421 +02:00] [Thread 59220] PLAYER: ( 76561198093044016 ) R Mark Piers's Party:3 (Mark Piers) REMOTE SOLD ITEM Exile_Item_BBQSandwich FOR 10 POPTABS AND 1 RESPECT | PLAYER TOTAL MONEY: 4391
[03:17:29:632196 +02:00] [Thread 59220] PLAYER: ( 76561198093044016 ) R Mark Piers's Party:3 (Mark Piers) REMOTE SOLD ITEM Exile_Item_InstantCoffee FOR 10 POPTABS AND 1 RESPECT | PLAYER TOTAL MONEY: 4401
[03:17:31:229397 +02:00] [Thread 59220] PLAYER: ( 76561198093044016 ) R Mark Piers's Party:3 (Mark Piers) REMOTE SOLD ITEM Exile_Item_EnergyDrink FOR 20 POPTABS AND 2 RESPECT | PLAYER TOTAL MONEY: 4421
[03:17:32:636311 +02:00] [Thread 59220] PLAYER: ( 76561198093044016 ) R Mark Piers's Party:3 (Mark Piers) REMOTE SOLD ITEM muzzle_snds_338_black FOR 25 POPTABS AND 2.5 RESPECT | PLAYER TOTAL MONEY: 4446
[03:17:34:603543 +02:00] [Thread 59220] PLAYER: ( 76561198093044016 ) R Mark Piers's Party:3 (Mark Piers) REMOTE SOLD ITEM Exile_Item_Matches FOR 30 POPTABS AND 3 RESPECT | PLAYER TOTAL MONEY: 4476
[03:17:37:589525 +02:00] [Thread 59220] PLAYER: ( 76561198093044016 ) R Mark Piers's Party:3 (Mark Piers) REMOTE SOLD ITEM Exile_Item_MacasCheese FOR 10 POPTABS AND 1 RESPECT | PLAYER TOTAL MONEY: 4486
[03:17:42:834828 +02:00] [Thread 59220] PLAYER: ( 76561198093044016 ) R Mark Piers's Party:3 (Mark Piers) REMOTE SOLD ITEM APERSMine_Range_Mag FOR 300 POPTABS AND 30 RESPECT | PLAYER TOTAL MONEY: 4786
[03:17:47:267514 +02:00] [Thread 59220] PLAYER: ( 76561198093044016 ) R Mark Piers's Party:3 (Mark Piers) REMOTE SOLD ITEM muzzle_snds_L FOR 5 POPTABS AND 0.5 RESPECT | PLAYER TOTAL MONEY: 4791
[03:17:48:518652 +02:00] [Thread 59220] PLAYER: ( 76561198093044016 ) R Mark Piers's Party:3 (Mark Piers) REMOTE SOLD ITEM muzzle_snds_B FOR 10 POPTABS AND 1 RESPECT | PLAYER TOTAL MONEY: 4801
[03:17:49:395175 +02:00] [Thread 59220] PLAYER: ( 76561198093044016 ) R Mark Piers's Party:3 (Mark Piers) REMOTE SOLD ITEM Exile_Item_JunkMetal FOR 200 POPTABS AND 20 RESPECT | PLAYER TOTAL MONEY: 5001
[03:17:52:029176 +02:00] [Thread 59220] PLAYER: ( 76561198093044016 ) R Mark Piers's Party:3 (Mark Piers) REMOTE SOLD ITEM Exile_Item_MountainDupe FOR 15 POPTABS AND 1.5 RESPECT | PLAYER TOTAL MONEY: 5016
[03:17:53:986415 +02:00] [Thread 59220] PLAYER: ( 76561198093044016 ) R Mark Piers's Party:3 (Mark Piers) REMOTE SOLD ITEM Exile_Item_MountainDupe FOR 15 POPTABS AND 1.5 RESPECT | PLAYER TOTAL MONEY: 5031
[03:17:56:815916 +02:00] [Thread 59220] PLAYER: ( 76561198093044016 ) R Mark Piers's Party:3 (Mark Piers) REMOTE SOLD ITEM 30Rnd_65x39_caseless_mag FOR 10 POPTABS AND 1 RESPECT | PLAYER TOTAL MONEY: 5041
[03:17:58:305884 +02:00] [Thread 59220] PLAYER: ( 76561198093044016 ) R Mark Piers's Party:3 (Mark Piers) REMOTE SOLD ITEM 10Rnd_338_Mag FOR 15 POPTABS AND 1.5 RESPECT | PLAYER TOTAL MONEY: 5056
[03:17:59:819959 +02:00] [Thread 59220] PLAYER: ( 76561198093044016 ) R Mark Piers's Party:3 (Mark Piers) REMOTE SOLD ITEM 150Rnd_762x54_Box_Tracer FOR 15 POPTABS AND 1.5 RESPECT | PLAYER TOTAL MONEY: 5071
[03:18:01:444216 +02:00] [Thread 59220] PLAYER: ( 76561198093044016 ) R Mark Piers's Party:3 (Mark Piers) REMOTE SOLD ITEM 10Rnd_762x54_Mag FOR 15 POPTABS AND 1.5 RESPECT | PLAYER TOTAL MONEY: 5086
[03:18:04:266511 +02:00] [Thread 59220] PLAYER: ( 76561198093044016 ) R Mark Piers's Party:3 (Mark Piers) REMOTE SOLD ITEM Exile_Item_InstaDoc FOR 625 POPTABS AND 62.5 RESPECT | PLAYER TOTAL MONEY: 5711
[03:18:52:206326 +02:00] [Thread 59220] PLAYER: ( 76561198093044016 ) R Mark Piers's Party:3 (Mark Piers) REMOTE SOLD ITEM Exile_Item_Moobar FOR 4 POPTABS AND 0.4 RESPECT | PLAYER TOTAL MONEY: 5715
[03:18:54:197428 +02:00] [Thread 59220] PLAYER: ( 76561198093044016 ) R Mark Piers's Party:3 (Mark Piers) REMOTE SOLD ITEM 11Rnd_45ACP_Mag FOR 4 POPTABS AND 0.4 RESPECT | PLAYER TOTAL MONEY: 5719
[03:18:55:054939 +02:00] [Thread 59220] PLAYER: ( 76561198093044016 ) R Mark Piers's Party:3 (Mark Piers) REMOTE SOLD ITEM 11Rnd_45ACP_Mag FOR 4 POPTABS AND 0.4 RESPECT | PLAYER TOTAL MONEY: 5723
[03:18:56:016810 +02:00] [Thread 59220] PLAYER: ( 76561198093044016 ) R Mark Piers's Party:3 (Mark Piers) REMOTE SOLD ITEM Exile_Item_PlasticBottleFreshWater FOR 4 POPTABS AND 0.4 RESPECT | PLAYER TOTAL MONEY: 5727
[03:18:57:051587 +02:00] [Thread 56464] PLAYER: ( 76561198093044016 ) R Mark Piers's Party:3 (Mark Piers) REMOTE SOLD ITEM Exile_Magazine_8Rnd_74Slug FOR 10 POPTABS AND 1 RESPECT | PLAYER TOTAL MONEY: 5737
[03:18:58:151715 +02:00] [Thread 56464] PLAYER: ( 76561198093044016 ) R Mark Piers's Party:3 (Mark Piers) REMOTE SOLD ITEM Exile_Magazine_8Rnd_74Slug FOR 10 POPTABS AND 1 RESPECT | PLAYER TOTAL MONEY: 5747
[03:19:01:869127 +02:00] [Thread 56464] PLAYER: ( 76561198093044016 ) R Mark Piers's Party:3 (Mark Piers) REMOTE SOLD ITEM V_TacVest_khk FOR 25 POPTABS AND 2.5 RESPECT | PLAYER TOTAL MONEY: 5772
[03:19:06:896618 +02:00] [Thread 56464] PLAYER: ( 76561198093044016 ) R Mark Piers's Party:3 (Mark Piers) REMOTE SOLD ITEM 11Rnd_45ACP_Mag FOR 4 POPTABS AND 0.4 RESPECT | PLAYER TOTAL MONEY: 5776
[03:19:07:643596 +02:00] [Thread 56464] PLAYER: ( 76561198093044016 ) R Mark Piers's Party:3 (Mark Piers) REMOTE SOLD ITEM 11Rnd_45ACP_Mag FOR 4 POPTABS AND 0.4 RESPECT | PLAYER TOTAL MONEY: 5780
[03:19:08:450943 +02:00] [Thread 56464] PLAYER: ( 76561198093044016 ) R Mark Piers's Party:3 (Mark Piers) REMOTE SOLD ITEM Exile_Magazine_8Rnd_74Slug FOR 10 POPTABS AND 1 RESPECT | PLAYER TOTAL MONEY: 5790
[03:19:08:979308 +02:00] [Thread 56464] PLAYER: ( 76561198093044016 ) R Mark Piers's Party:3 (Mark Piers) REMOTE SOLD ITEM Exile_Magazine_8Rnd_74Slug FOR 10 POPTABS AND 1 RESPECT | PLAYER TOTAL MONEY: 5800
[03:19:17:314857 +02:00] [Thread 59220] PLAYER: ( 76561198074903881 ) R Mark Piers's Party:2 (Franky D. White) REMOTE PURCHASED ITEM 30Rnd_9x21_Mag_SMG_02 FOR 10 POPTABS | PLAYER TOTAL MONEY: 157
[03:19:18:896273 +02:00] [Thread 49956] PLAYER: ( 76561198074903881 ) R Mark Piers's Party:2 (Franky D. White) REMOTE PURCHASED ITEM 30Rnd_9x21_Mag_SMG_02 FOR 10 POPTABS | PLAYER TOTAL MONEY: 147
[03:19:20:294909 +02:00] [Thread 56464] PLAYER: ( 76561198093044016 ) R Mark Piers's Party:3 (Mark Piers) REMOTE SOLD ITEM Exile_Uniform_BambiOverall FOR 1 POPTABS AND 0.1 RESPECT | PLAYER TOTAL MONEY: 5801
[03:19:20:493486 +02:00] [Thread 49956] PLAYER: ( 76561198074903881 ) R Mark Piers's Party:2 (Franky D. White) REMOTE PURCHASED ITEM 30Rnd_9x21_Mag_SMG_02 FOR 10 POPTABS | PLAYER TOTAL MONEY: 137
[03:19:21:918585 +02:00] [Thread 59220] PLAYER: ( 76561198074903881 ) R Mark Piers's Party:2 (Franky D. White) REMOTE PURCHASED ITEM 30Rnd_9x21_Mag_SMG_02 FOR 10 POPTABS | PLAYER TOTAL MONEY: 127
[03:19:40:666686 +02:00] [Thread 49956] PLAYER: ( 76561198093044016 ) R Mark Piers's Party:3 (Mark Piers) REMOTE PURCHASED ITEM U_I_C_Soldier_Bandit_3_F FOR 15 POPTABS | PLAYER TOTAL MONEY: 5786
[03:20:31:041413 +02:00] [Thread 56464] PLAYER: ( 76561198074903881 ) R Mark Piers's Party:2 (Franky D. White) REMOTE SOLD ITEM Exile_Item_PlasticBottleEmpty FOR 2 POPTABS AND 0.2 RESPECT | PLAYER TOTAL MONEY: 129
[03:20:37:104351 +02:00] [Thread 56464] PLAYER: ( 76561198074903881 ) R Mark Piers's Party:2 (Franky D. White) REMOTE SOLD ITEM Exile_Item_InstaDoc FOR 625 POPTABS AND 62.5 RESPECT | PLAYER TOTAL MONEY: 754
[03:20:39:806006 +02:00] [Thread 56464] PLAYER: ( 76561198074903881 ) R Mark Piers's Party:2 (Franky D. White) REMOTE SOLD ITEM Exile_Magazine_8Rnd_74Pellets FOR 10 POPTABS AND 1 RESPECT | PLAYER TOTAL MONEY: 764
[03:20:42:344671 +02:00] [Thread 56464] PLAYER: ( 76561198074903881 ) R Mark Piers's Party:2 (Franky D. White) REMOTE SOLD ITEM 30Rnd_9x21_Yellow_Mag FOR 20 POPTABS AND 2 RESPECT | PLAYER TOTAL MONEY: 784
[03:20:44:699754 +02:00] [Thread 56464] PLAYER: ( 76561198074903881 ) R Mark Piers's Party:2 (Franky D. White) REMOTE SOLD ITEM Exile_Item_InstaDoc FOR 625 POPTABS AND 62.5 RESPECT | PLAYER TOTAL MONEY: 1409
[03:20:47:341062 +02:00] [Thread 49956] PLAYER: ( 76561198074903881 ) R Mark Piers's Party:2 (Franky D. White) REMOTE SOLD ITEM Exile_Item_InstaDoc FOR 625 POPTABS AND 62.5 RESPECT | PLAYER TOTAL MONEY: 2034
[03:21:16:839348 +02:00] [Thread 59220] PLAYER: ( 76561198093044016 ) R Mark Piers's Party:3 (Mark Piers) REMOTE PURCHASED ITEM muzzle_snds_acp FOR 10 POPTABS | PLAYER TOTAL MONEY: 5776
[03:21:31:982428 +02:00] [Thread 56464] PLAYER: ( 76561198093044016 ) R Mark Piers's Party:3 (Mark Piers) REMOTE PURCHASED ITEM optic_MRD FOR 10 POPTABS | PLAYER TOTAL MONEY: 5766
[03:22:21:785143 +02:00] [Thread 49956] PLAYER: ( 76561198074903881 ) R Mark Piers's Party:2 (Franky D. White) REMOTE SOLD ITEM V_TacVest_blk_POLICE FOR 25 POPTABS AND 2.5 RESPECT | PLAYER TOTAL MONEY: 2059
[03:22:27:989298 +02:00] [Thread 59220] PLAYER: ( 76561198074903881 ) R Mark Piers's Party:2 (Franky D. White) REMOTE PURCHASED ITEM V_PlateCarrier1_blk FOR 80 POPTABS | PLAYER TOTAL MONEY: 1979
[03:22:38:385529 +02:00] [Thread 49956] PLAYER: ( 76561198074903881 ) R Mark Piers's Party:2 (Franky D. White) REMOTE SOLD ITEM U_Rangemaster FOR 20 POPTABS AND 2 RESPECT | PLAYER TOTAL MONEY: 1999
[03:22:50:032062 +02:00] [Thread 56464] PLAYER: ( 76561198074903881 ) R Mark Piers's Party:2 (Franky D. White) REMOTE PURCHASED ITEM U_OrestesBody FOR 40 POPTABS | PLAYER TOTAL MONEY: 1959
[03:22:50:625027 +02:00] [Thread 49956] PLAYER: ( 76561198093044016 ) R Mark Piers's Party:3 (Mark Piers) REMOTE SOLD ITEM Binocular FOR 20 POPTABS AND 2 RESPECT | PLAYER TOTAL MONEY: 20
[03:23:08:760370 +02:00] [Thread 56464] PLAYER: ( 76561198074903881 ) R Mark Piers's Party:2 (Franky D. White) REMOTE PURCHASED ITEM Exile_Item_CanOpener FOR 80 POPTABS | PLAYER TOTAL MONEY: 1879
[03:23:31:621880 +02:00] [Thread 49956] PLAYER: ( 76561198093044016 ) R Mark Piers's Party:3 (Mark Piers) REMOTE SOLD ITEM Exile_Item_Bandage FOR 50 POPTABS AND 5 RESPECT | PLAYER TOTAL MONEY: 70
[03:23:39:047875 +02:00] [Thread 56464] PLAYER: ( 76561198093044016 ) R Mark Piers's Party:3 (Mark Piers) REMOTE SOLD ITEM Exile_Magazine_8Rnd_74Slug FOR 10 POPTABS AND 1 RESPECT | PLAYER TOTAL MONEY: 80
[03:23:41:394397 +02:00] [Thread 56464] PLAYER: ( 76561198093044016 ) R Mark Piers's Party:3 (Mark Piers) REMOTE SOLD ITEM Exile_Weapon_M1014 FOR 110 POPTABS AND 11 RESPECT | PLAYER TOTAL MONEY: 190
[03:23:47:241317 +02:00] [Thread 56464] PLAYER: ( 76561198093044016 ) R Mark Piers's Party:3 (Mark Piers) REMOTE SOLD ITEM Exile_Magazine_8Rnd_74Pellets FOR 10 POPTABS AND 1 RESPECT | PLAYER TOTAL MONEY: 200
[03:23:48:181613 +02:00] [Thread 56464] PLAYER: ( 76561198093044016 ) R Mark Piers's Party:3 (Mark Piers) REMOTE SOLD ITEM Exile_Magazine_8Rnd_74Pellets FOR 10 POPTABS AND 1 RESPECT | PLAYER TOTAL MONEY: 210
[03:23:48:752382 +02:00] [Thread 56464] PLAYER: ( 76561198093044016 ) R Mark Piers's Party:3 (Mark Piers) REMOTE SOLD ITEM Exile_Magazine_8Rnd_74Pellets FOR 10 POPTABS AND 1 RESPECT | PLAYER TOTAL MONEY: 220
[03:23:50:391654 +02:00] [Thread 56464] PLAYER: ( 76561198093044016 ) R Mark Piers's Party:3 (Mark Piers) REMOTE SOLD ITEM Exile_Magazine_8Rnd_74Pellets FOR 10 POPTABS AND 1 RESPECT | PLAYER TOTAL MONEY: 230
[03:23:51:181749 +02:00] [Thread 56464] PLAYER: ( 76561198093044016 ) R Mark Piers's Party:3 (Mark Piers) REMOTE SOLD ITEM Exile_Magazine_8Rnd_74Pellets FOR 10 POPTABS AND 1 RESPECT | PLAYER TOTAL MONEY: 240
[03:23:52:448041 +02:00] [Thread 56464] PLAYER: ( 76561198093044016 ) R Mark Piers's Party:3 (Mark Piers) REMOTE SOLD ITEM 100Rnd_65x39_caseless_mag FOR 15 POPTABS AND 1.5 RESPECT | PLAYER TOTAL MONEY: 255
[03:23:53:561286 +02:00] [Thread 49956] PLAYER: ( 76561198093044016 ) R Mark Piers's Party:3 (Mark Piers) REMOTE SOLD ITEM Exile_Magazine_8Rnd_74Slug FOR 10 POPTABS AND 1 RESPECT | PLAYER TOTAL MONEY: 265
[03:23:54:458629 +02:00] [Thread 59220] PLAYER: ( 76561198093044016 ) R Mark Piers's Party:3 (Mark Piers) REMOTE SOLD ITEM Exile_Magazine_8Rnd_74Slug FOR 10 POPTABS AND 1 RESPECT | PLAYER TOTAL MONEY: 275
[03:23:56:217373 +02:00] [Thread 59220] PLAYER: ( 76561198093044016 ) R Mark Piers's Party:3 (Mark Piers) REMOTE SOLD ITEM Exile_Item_ChocolateMilk FOR 12 POPTABS AND 1.2 RESPECT | PLAYER TOTAL MONEY: 287
[03:23:57:119525 +02:00] [Thread 49956] PLAYER: ( 76561198093044016 ) R Mark Piers's Party:3 (Mark Piers) REMOTE SOLD ITEM Exile_Item_ChocolateMilk FOR 12 POPTABS AND 1.2 RESPECT | PLAYER TOTAL MONEY: 299
[03:23:57:535910 +02:00] [Thread 56464] PLAYER: ( 76561198093044016 ) R Mark Piers's Party:3 (Mark Piers) REMOTE SOLD ITEM Exile_Item_ChocolateMilk FOR 12 POPTABS AND 1.2 RESPECT | PLAYER TOTAL MONEY: 311
[03:23:58:278668 +02:00] [Thread 56464] PLAYER: ( 76561198074903881 ) R Mark Piers's Party:2 (Franky D. White) REMOTE SOLD ITEM 30Rnd_9x21_Mag_SMG_02 FOR 5 POPTABS AND 0.5 RESPECT | PLAYER TOTAL MONEY: 1884
[03:23:59:505995 +02:00] [Thread 56464] PLAYER: ( 76561198074903881 ) R Mark Piers's Party:2 (Franky D. White) REMOTE SOLD ITEM 30Rnd_9x21_Mag_SMG_02 FOR 5 POPTABS AND 0.5 RESPECT | PLAYER TOTAL MONEY: 1889
[03:24:00:274295 +02:00] [Thread 56464] PLAYER: ( 76561198074903881 ) R Mark Piers's Party:2 (Franky D. White) REMOTE SOLD ITEM 30Rnd_9x21_Mag_SMG_02 FOR 5 POPTABS AND 0.5 RESPECT | PLAYER TOTAL MONEY: 1894
[03:24:04:641986 +02:00] [Thread 49956] PLAYER: ( 76561198074903881 ) R Mark Piers's Party:2 (Franky D. White) REMOTE PURCHASED ITEM 30Rnd_9x21_Mag_SMG_02 FOR 10 POPTABS | PLAYER TOTAL MONEY: 1884
[03:24:05:916350 +02:00] [Thread 59220] PLAYER: ( 76561198074903881 ) R Mark Piers's Party:2 (Franky D. White) REMOTE PURCHASED ITEM 30Rnd_9x21_Mag_SMG_02 FOR 10 POPTABS | PLAYER TOTAL MONEY: 1874
[03:24:06:969690 +02:00] [Thread 59220] PLAYER: ( 76561198074903881 ) R Mark Piers's Party:2 (Franky D. White) REMOTE PURCHASED ITEM 30Rnd_9x21_Mag_SMG_02 FOR 10 POPTABS | PLAYER TOTAL MONEY: 1864
[03:24:08:594473 +02:00] [Thread 59220] PLAYER: ( 76561198074903881 ) R Mark Piers's Party:2 (Franky D. White) REMOTE PURCHASED ITEM 30Rnd_9x21_Mag_SMG_02 FOR 10 POPTABS | PLAYER TOTAL MONEY: 1854
[03:25:45:281471 +02:00] [Thread 56464] PLAYER: ( 76561198074903881 ) R Mark Piers's Party:2 (Franky D. White) REMOTE SOLD ITEM Exile_Melee_Axe FOR 50 POPTABS AND 5 RESPECT | PLAYER TOTAL MONEY: 50
[03:25:47:524152 +02:00] [Thread 56464] PLAYER: ( 76561198074903881 ) R Mark Piers's Party:2 (Franky D. White) REMOTE SOLD ITEM Binocular FOR 20 POPTABS AND 2 RESPECT | PLAYER TOTAL MONEY: 70
[03:25:52:354426 +02:00] [Thread 56464] PLAYER: ( 76561198074903881 ) R Mark Piers's Party:2 (Franky D. White) REMOTE SOLD ITEM ItemGPS FOR 20 POPTABS AND 2 RESPECT | PLAYER TOTAL MONEY: 90
[03:26:47:558026 +02:00] [Thread 56464] PLAYER: ( 76561198093044016 ) R Mark Piers's Party:3 (Mark Piers) REMOTE PURCHASED VEHICLE Exile_Car_Golf_Red FOR 8000 POPTABS | PLAYER TOTAL MONEY: 21
