extDB2: Version: 70
extDB2: https://github.com/Torndeco/extDB2
extDB2: Windows Version
Message: All development for extDB2 is done on a Linux Dedicated Server
Message: If you would like to Donate to extDB2 Development
Message: https://www.paypal.com/cgi-bin/webscr?cmd=_s-xclick&hosted_button_id=2SUEFTGABTAM2
Message: Also leave a message if there is any particular feature you would like to see added.
Message: Thanks for all the people that have donated.
Message: Torndeco: 20/02/15


extDB2: Found extdb-conf.ini
extDB2: Detected 6 Cores, Setting up 6 Worker Threads


[17:00:26:279364 +02:00] [Thread 11056] extDB2: Database Type: MySQL
[17:00:26:281741 +02:00] [Thread 11056] extDB2: Database Session Pool Started
[17:00:26:282986 +02:00] [Thread 11056] extDB2: SQL_CUSTOM_V2: Loading Template Filename: C:\Users\Tim\Desktop\Arma_3_Server\@exileserver\extDB\sql_custom_v2\exile.ini
[17:00:26:283108 +02:00] [Thread 11056] extDB2: SQL_CUSTOM_V2: Version 12 Detected, Latest Version 12 Available
[17:00:26:339354 +02:00] [Thread 11056] extDB2: LOG: Error: Failed opening file C:\Users\Tim\Desktop\Arma_3_Server\@exileserver\extDB\logs\2018\12\15\Exile_TradingLog.log for writing
[17:00:26:339388 +02:00] [Thread 11056] extDB2: Failed to Load Protocol: LOG
[17:00:26:394238 +02:00] [Thread 11056] extDB2: LOG: Error: Failed opening file C:\Users\Tim\Desktop\Arma_3_Server\@exileserver\extDB\logs\2018\12\15\Exile_DeathLog.log for writing
[17:00:26:394274 +02:00] [Thread 11056] extDB2: Failed to Load Protocol: LOG
[17:00:26:449096 +02:00] [Thread 11056] extDB2: LOG: Error: Failed opening file C:\Users\Tim\Desktop\Arma_3_Server\@exileserver\extDB\logs\2018\12\15\Exile_TerritoryLog.log for writing
[17:00:26:449130 +02:00] [Thread 11056] extDB2: Failed to Load Protocol: LOG
